<?xml version="1.0" encoding="UTF-8"?>
<robot generator="Robot 3.1.2 (Python 3.7.4 on win32)" generated="20190723 16:47:45.941" rpa="false">
<suite id="s1" name="Demo1" source="C:\Robot Projects\RobotTrainingDemo\Demo1.robot">
<test id="s1-t1" name="TC_07">
<kw name="Get Current Date" library="DateTime">
<doc>Returns current local or UTC time with an optional increment.</doc>
<assign>
<var>${d}</var>
</assign>
<msg timestamp="20190723 16:47:46.340" level="INFO">${d} = 2019-07-23 16:47:46.340</msg>
<status status="PASS" starttime="20190723 16:47:46.340" endtime="20190723 16:47:46.340"></status>
</kw>
<kw name="Log To Console" library="BuiltIn">
<doc>Logs the given message to the console.</doc>
<arguments>
<arg>${d}</arg>
<arg>UTC</arg>
</arguments>
<status status="PASS" starttime="20190723 16:47:46.342" endtime="20190723 16:47:46.342"></status>
</kw>
<doc>Print current date to console</doc>
<status status="PASS" starttime="20190723 16:47:46.336" endtime="20190723 16:47:46.345" critical="yes"></status>
</test>
<status status="PASS" starttime="20190723 16:47:45.946" endtime="20190723 16:47:46.350"></status>
</suite>
<statistics>
<total>
<stat pass="1" fail="0">Critical Tests</stat>
<stat pass="1" fail="0">All Tests</stat>
</total>
<tag>
</tag>
<suite>
<stat pass="1" fail="0" id="s1" name="Demo1">Demo1</stat>
</suite>
</statistics>
<errors>
</errors>
</robot>
